[0m20:14:03.323226 [debug] [MainThread]: Sending event: {'category': 'dbt', 'action': 'invocation', 'label': 'start', 'context': [<snowplow_tracker.self_describing_json.SelfDescribingJson object at 0x104dc8850>, <snowplow_tracker.self_describing_json.SelfDescribingJson object at 0x104dded50>, <snowplow_tracker.self_describing_json.SelfDescribingJson object at 0x104ddf910>]}


============================== 20:14:03.326816 | a274b85d-a66b-40fe-808e-41cdb7e60a2b ==============================
[0m20:14:03.326816 [info ] [MainThread]: Running with dbt=1.9.3
[0m20:14:03.327130 [debug] [MainThread]: running dbt with arguments {'printer_width': '80', 'indirect_selection': 'eager', 'log_cache_events': 'False', 'write_json': 'True', 'partial_parse': 'True', 'cache_selected_only': 'False', 'warn_error': 'None', 'fail_fast': 'False', 'profiles_dir': '/Users/alecryan/.dbt', 'log_path': 'logs', 'debug': 'False', 'version_check': 'True', 'use_colors': 'True', 'use_experimental_parser': 'False', 'no_print': 'None', 'quiet': 'False', 'empty': 'None', 'log_format': 'default', 'static_parser': 'True', 'invocation_command': 'dbt init', 'introspect': 'True', 'target_path': 'None', 'warn_error_options': 'WarnErrorOptions(include=[], exclude=[])', 'send_anonymous_usage_stats': 'True'}
[0m20:14:06.540408 [error] [MainThread]: Encountered an error:

[0m20:14:06.545664 [error] [MainThread]: Traceback (most recent call last):
  File "/Library/Frameworks/Python.framework/Versions/3.11/lib/python3.11/site-packages/dbt/cli/requires.py", line 153, in wrapper
    result, success = func(*args, **kwargs)
                      ^^^^^^^^^^^^^^^^^^^^^
  File "/Library/Frameworks/Python.framework/Versions/3.11/lib/python3.11/site-packages/dbt/cli/requires.py", line 103, in wrapper
    return func(*args, **kwargs)
           ^^^^^^^^^^^^^^^^^^^^^
  File "/Library/Frameworks/Python.framework/Versions/3.11/lib/python3.11/site-packages/dbt/cli/main.py", line 477, in init
    results = task.run()
              ^^^^^^^^^^
  File "/Library/Frameworks/Python.framework/Versions/3.11/lib/python3.11/site-packages/dbt/task/init.py", line 324, in run
    project_name = self.get_valid_project_name()
                   ^^^^^^^^^^^^^^^^^^^^^^^^^^^^^
  File "/Library/Frameworks/Python.framework/Versions/3.11/lib/python3.11/site-packages/dbt/task/init.py", line 278, in get_valid_project_name
    name = click.prompt("Enter a name for your project (letters, digits, underscore)")
           ^^^^^^^^^^^^^^^^^^^^^^^^^^^^^^^^^^^^^^^^^^^^^^^^^^^^^^^^^^^^^^^^^^^^^^^^^^^
  File "/Library/Frameworks/Python.framework/Versions/3.11/lib/python3.11/site-packages/click/termui.py", line 164, in prompt
    value = prompt_func(prompt)
            ^^^^^^^^^^^^^^^^^^^
  File "/Library/Frameworks/Python.framework/Versions/3.11/lib/python3.11/site-packages/click/termui.py", line 147, in prompt_func
    raise Abort() from None
click.exceptions.Abort

[0m20:14:06.584689 [debug] [MainThread]: Resource report: {"command_name": "init", "command_success": false, "command_wall_clock_time": 3.320015, "process_in_blocks": "0", "process_kernel_time": 0.159226, "process_mem_max_rss": "101580800", "process_out_blocks": "0", "process_user_time": 0.598466}
[0m20:14:06.585326 [debug] [MainThread]: Command `dbt init` failed at 20:14:06.585213 after 3.32 seconds
[0m20:14:06.585817 [debug] [MainThread]: Sending event: {'category': 'dbt', 'action': 'invocation', 'label': 'end', 'context': [<snowplow_tracker.self_describing_json.SelfDescribingJson object at 0x104dc8490>, <snowplow_tracker.self_describing_json.SelfDescribingJson object at 0x1006dad50>, <snowplow_tracker.self_describing_json.SelfDescribingJson object at 0x1006da450>]}
[0m20:14:06.586195 [debug] [MainThread]: Flushing usage events
[0m20:14:06.816194 [debug] [MainThread]: An error was encountered while trying to flush usage events
[0m20:14:14.158855 [debug] [MainThread]: Sending event: {'category': 'dbt', 'action': 'invocation', 'label': 'start', 'context': [<snowplow_tracker.self_describing_json.SelfDescribingJson object at 0x10466be00>, <snowplow_tracker.self_describing_json.SelfDescribingJson object at 0x10605bd90>, <snowplow_tracker.self_describing_json.SelfDescribingJson object at 0x10605bed0>]}


============================== 20:14:14.181773 | 0b85af1b-042c-4b59-9595-e0b1786060ba ==============================
[0m20:14:14.181773 [info ] [MainThread]: Running with dbt=1.10.15
[0m20:14:14.182109 [debug] [MainThread]: running dbt with arguments {'empty': 'None', 'write_json': 'True', 'printer_width': '80', 'indirect_selection': 'eager', 'cache_selected_only': 'False', 'log_path': 'logs', 'fail_fast': 'False', 'no_print': 'None', 'use_experimental_parser': 'False', 'log_cache_events': 'False', 'introspect': 'True', 'version_check': 'True', 'quiet': 'False', 'partial_parse': 'True', 'target_path': 'None', 'warn_error_options': 'WarnErrorOptionsV2(error=[], warn=[], silence=[])', 'warn_error': 'None', 'log_format': 'default', 'send_anonymous_usage_stats': 'True', 'static_parser': 'True', 'invocation_command': 'dbt init', 'debug': 'False', 'use_colors': 'True', 'profiles_dir': '/Users/alecryan/.dbt'}
[0m20:14:25.012036 [debug] [MainThread]: Starter project path: /Users/alecryan/Desktop/data_pipeline/.venv/lib/python3.13/site-packages/dbt/include/starter_project
[0m20:14:25.024203 [info ] [MainThread]: 
Your new dbt project "transform" was created!

For more information on how to configure the profiles.yml file,
please consult the dbt documentation here:

  https://docs.getdbt.com/docs/configure-your-profile

One more thing:

Need help? Don't hesitate to reach out to us via GitHub issues or on Slack:

  https://community.getdbt.com/

Happy modeling!

[0m20:14:25.024619 [info ] [MainThread]: Setting up your profile.
[0m20:14:27.459410 [debug] [MainThread]: Resource report: {"command_name": "init", "command_success": true, "command_wall_clock_time": 13.3276415, "process_in_blocks": "0", "process_kernel_time": 0.375349, "process_mem_max_rss": "149225472", "process_out_blocks": "0", "process_user_time": 1.45551}
[0m20:14:27.459807 [debug] [MainThread]: Command `dbt init` succeeded at 20:14:27.459734 after 13.33 seconds
[0m20:14:27.460017 [debug] [MainThread]: Sending event: {'category': 'dbt', 'action': 'invocation', 'label': 'end', 'context': [<snowplow_tracker.self_describing_json.SelfDescribingJson object at 0x106170050>, <snowplow_tracker.self_describing_json.SelfDescribingJson object at 0x105711130>, <snowplow_tracker.self_describing_json.SelfDescribingJson object at 0x106133bd0>]}
[0m20:14:27.460237 [debug] [MainThread]: Flushing usage events
[0m20:14:27.557371 [debug] [MainThread]: An error was encountered while trying to flush usage events
[0m20:15:13.596190 [debug] [MainThread]: Sending event: {'category': 'dbt', 'action': 'invocation', 'label': 'start', 'context': [<snowplow_tracker.self_describing_json.SelfDescribingJson object at 0x106720980>, <snowplow_tracker.self_describing_json.SelfDescribingJson object at 0x107617c50>, <snowplow_tracker.self_describing_json.SelfDescribingJson object at 0x107617b10>]}


============================== 20:15:13.598845 | 1cf0c094-6fa3-459a-bb41-f4928013532d ==============================
[0m20:15:13.598845 [info ] [MainThread]: Running with dbt=1.10.15
[0m20:15:13.599133 [debug] [MainThread]: running dbt with arguments {'warn_error': 'None', 'use_colors': 'True', 'static_parser': 'True', 'indirect_selection': 'eager', 'write_json': 'True', 'target_path': 'None', 'partial_parse': 'True', 'printer_width': '80', 'empty': 'False', 'send_anonymous_usage_stats': 'True', 'version_check': 'True', 'profiles_dir': '/Users/alecryan/.dbt', 'cache_selected_only': 'False', 'use_experimental_parser': 'False', 'log_cache_events': 'False', 'fail_fast': 'False', 'introspect': 'True', 'log_format': 'default', 'invocation_command': 'dbt build', 'debug': 'False', 'warn_error_options': 'WarnErrorOptionsV2(error=[], warn=[], silence=[])', 'no_print': 'None', 'log_path': 'logs', 'quiet': 'False'}
[0m20:15:13.599401 [error] [MainThread]: Encountered an error:
Runtime Error
  No dbt_project.yml found at expected path /Users/alecryan/Desktop/data_pipeline/dbt_project.yml
  Verify that each entry within packages.yml (and their transitive dependencies) contains a file named dbt_project.yml
  
[0m20:15:13.599713 [debug] [MainThread]: Resource report: {"command_name": "build", "command_success": false, "command_wall_clock_time": 0.03705067, "process_in_blocks": "0", "process_kernel_time": 0.104869, "process_mem_max_rss": "106758144", "process_out_blocks": "0", "process_user_time": 0.541041}
[0m20:15:13.599934 [debug] [MainThread]: Command `dbt build` failed at 20:15:13.599895 after 0.04 seconds
[0m20:15:13.600091 [debug] [MainThread]: Sending event: {'category': 'dbt', 'action': 'invocation', 'label': 'end', 'context': [<snowplow_tracker.self_describing_json.SelfDescribingJson object at 0x107674fc0>, <snowplow_tracker.self_describing_json.SelfDescribingJson object at 0x107522e70>, <snowplow_tracker.self_describing_json.SelfDescribingJson object at 0x1076c4160>]}
[0m20:15:13.600232 [debug] [MainThread]: Flushing usage events
[0m20:15:13.690304 [debug] [MainThread]: An error was encountered while trying to flush usage events
